c:\dev\ink-v2\build\ink.dir\debug\vc143.pdb
c:\dev\ink-v2\build\ink.dir\debug\glad.obj
c:\dev\ink-v2\build\ink.dir\debug\.d.json
c:\dev\ink-v2\build\ink.dir\debug\entry.obj
c:\dev\ink-v2\build\ink.dir\debug\shader.obj
c:\dev\ink-v2\build\ink.dir\debug\application.obj
c:\dev\ink-v2\build\ink.dir\debug\buffers.obj
c:\dev\ink-v2\build\cmakefiles\generate.stamp
c:\dev\ink-v2\build\debug\ink.exe
c:\dev\ink-v2\build\debug\ink.pdb
c:\dev\ink-v2\build\ink.dir\debug\entry.cc.module.json
c:\dev\ink-v2\build\ink.dir\debug\application.cc.module.json
c:\dev\ink-v2\build\ink.dir\debug\shader.cc.module.json
c:\dev\ink-v2\build\ink.dir\debug\buffers.cc.module.json
c:\dev\ink-v2\build\ink.dir\debug\ink.ilk
c:\dev\ink-v2\build\ink.dir\debug\ink.tlog\cl.command.1.tlog
c:\dev\ink-v2\build\ink.dir\debug\ink.tlog\cl.items.tlog
c:\dev\ink-v2\build\ink.dir\debug\ink.tlog\cl.read.1.tlog
c:\dev\ink-v2\build\ink.dir\debug\ink.tlog\cl.write.1.tlog
c:\dev\ink-v2\build\ink.dir\debug\ink.tlog\custombuild.command.1.tlog
c:\dev\ink-v2\build\ink.dir\debug\ink.tlog\custombuild.read.1.tlog
c:\dev\ink-v2\build\ink.dir\debug\ink.tlog\custombuild.write.1.tlog
c:\dev\ink-v2\build\ink.dir\debug\ink.tlog\link.command.1.tlog
c:\dev\ink-v2\build\ink.dir\debug\ink.tlog\link.read.1.tlog
c:\dev\ink-v2\build\ink.dir\debug\ink.tlog\link.secondary.1.tlog
c:\dev\ink-v2\build\ink.dir\debug\ink.tlog\link.write.1.tlog
c:\dev\ink-v2\build\ink.dir\debug\ink_md.tlog\cl.command.1.tlog
c:\dev\ink-v2\build\ink.dir\debug\ink_md.tlog\microsoft.build.cpptasks.cl.read.1.tlog
c:\dev\ink-v2\build\ink.dir\debug\ink_md.tlog\microsoft.build.cpptasks.cl.write.1.tlog
